1727090012908	geckodriver	INFO	Listening on 127.0.0.1:52426
1727090016035	mozrunner::runner	INFO	Running command: "C:\\Program Files\\Mozilla Firefox\\firefox.exe" "--marionette" "--remote-debugging-port" "52427" "--remote-allow-hosts" "localhost" "-no-remote" "-profile" "C:\\Users\\DELL\\AppData\\Local\\Temp\\rust_mozprofilevl32Bi"
console.warn: services.settings: Ignoring preference override of remote settings server
console.warn: services.settings: Allow by setting MOZ_REMOTE_SETTINGS_DEVTOOLS=1 in the environment
Dynamically enable window occlusion 0
1727090016966	Marionette	INFO	Marionette enabled
1727090017183	Marionette	INFO	Listening on port 52439
WebDriver BiDi listening on ws://127.0.0.1:52427
Read port: 52439
1727090017608	RemoteAgent	WARN	TLS certificate errors will be ignored for this session
DevTools listening on ws://127.0.0.1:52427/devtools/browser/da233222-2ac4-47df-b126-4eb9c37d20a1
JavaScript error: https://ir.ebaystatic.com/cr/v/c1/ebay-cookies/2.js, line 1: TypeError: a.setJsCookie is not a function
JavaScript warning: https://gum.criteo.com/syncframe?topUrl=www.ebay.com&origin=onetag#{%22bundle%22:{%22identifierExtractor%22:{%22origin%22:0},%22value%22:null},%22cw%22:true,%22optout%22:{%22identifierExtractor%22:{%22origin%22:0},%22value%22:null},%22origin%22:%22onetag%22,%22sid%22:{%22identifierExtractor%22:{%22origin%22:0},%22value%22:null},%22tld%22:%22ebay.com%22,%22topUrl%22:%22www.ebay.com%22,%22version%22:%225_27_0%22,%22ifa%22:{%22identifierExtractor%22:{%22origin%22:0},%22value%22:null},%22lsw%22:true,%22pm%22:0}, line 13: Script terminated by timeout at:
r.prototype.flushEventQueue@https://gum.criteo.com/syncframe?topUrl=www.ebay.com&origin=onetag#{%22bundle%22:{%22identifierExtractor%22:{%22origin%22:0},%22value%22:null},%22cw%22:true,%22optout%22:{%22identifierExtractor%22:{%22origin%22:0},%22value%22:null},%22origin%22:%22onetag%22,%22sid%22:{%22identifierExtractor%22:{%22origin%22:0},%22value%22:null},%22tld%22:%22ebay.com%22,%22topUrl%22:%22www.ebay.com%22,%22version%22:%225_27_0%22,%22ifa%22:{%22identifierExtractor%22:{%22origin%22:0},%22value%22:null},%22lsw%22:true,%22pm%22:0}:13:3137
r/<@https://gum.criteo.com/syncframe?topUrl=www.ebay.com&origin=onetag#{%22bundle%22:{%22identifierExtractor%22:{%22origin%22:0},%22value%22:null},%22cw%22:true,%22optout%22:{%22identifierExtractor%22:{%22origin%22:0},%22value%22:null},%22origin%22:%22onetag%22,%22sid%22:{%22identifierExtractor%22:{%22origin%22:0},%22value%22:null},%22tld%22:%22ebay.com%22,%22topUrl%22:%22www.ebay.com%22,%22version%22:%225_27_0%22,%22ifa%22:{%22identifierExtractor%22:{%22origin%22:0},%22value%22:null},%22lsw%22:true,%22pm%22:0}:13:3642

1727090046534	Marionette	INFO	Stopped listening on port 52439
JavaScript error: https://ir.ebaystatic.com/cr/v/c1/ebay-cookies/2.js, line 1: TypeError: a.setJsCookie is not a function
Dynamically enable window occlusion 1
JavaScript error: resource://gre/modules/UpdateService.sys.mjs, line 5356: 
console.error: (new Error("Polling for changes failed: .", "resource://services-settings/remote-settings.sys.mjs", 324))
1727090048107	addons.xpi	ERROR	System addon update list error [Exception... "<no message>"  nsresult: "0x8046001e (<unknown>)"  location: "JS frame :: resource://gre/modules/ServiceRequest.sys.mjs :: open :: line 133"  data: no]
console.error: Region.sys.mjs: "Error fetching region" (new TypeError("NetworkError when attempting to fetch resource.", ""))
console.error: Region.sys.mjs: "Failed to fetch region" (new Error("NO_RESULT", "resource://gre/modules/Region.sys.mjs", 411))
